#
# There is insufficient memory for the Java Runtime Environment to continue.
# Native memory allocation (mmap) failed to map 65011712 bytes for Failed to commit area from 0x00000000c2c00000 to 0x00000000c6a00000 of length 65011712.
# Possible reasons:
#   The system is out of physical RAM or swap space
#   The process is running with CompressedOops enabled, and the Java Heap may be blocking the growth of the native heap
# Possible solutions:
#   Reduce memory load on the system
#   Increase physical memory or swap space
#   Check if swap backing store is full
#   Decrease Java heap size (-Xmx/-Xms)
#   Decrease number of Java threads
#   Decrease Java thread stack sizes (-Xss)
#   Set larger code cache with -XX:ReservedCodeCacheSize=
# This output file may be truncated or incomplete.
#
#  Out of Memory Error (./src/hotspot/os/windows/os_windows.cpp:3311), pid=12828, tid=11816
#
# JRE version:  (11.0.12+7) (build )
# Java VM: OpenJDK 64-Bit Server VM (11.0.12+7, mixed mode, sharing, tiered, compressed oops, g1 gc, windows-amd64)
# No core dump will be written. Minidumps are not enabled by default on client versions of Windows
#

---------------  S U M M A R Y ------------

Command Line: App

Host: Intel(R) Celeron(R) N4000 CPU @ 1.10GHz, 2 cores, 3G,  Windows 10 , 64 bit Build 18362 (10.0.18362.1500)
Time: Wed May  4 12:14:28 2022 ora legale Europa occidentale elapsed time: 0.088786 seconds (0d 0h 0m 0s)

---------------  T H R E A D  ---------------

Current thread (0x000002a0d2e9a000):  JavaThread "Unknown thread" [_thread_in_vm, id=11816, stack(0x000000a459400000,0x000000a459500000)]

Stack: [0x000000a459400000,0x000000a459500000]
Native frames: (J=compiled Java code, j=interpreted, Vv=VM code, C=native code)
V  [jvm.dll+0x601d0a]
V  [jvm.dll+0x78ab6e]
V  [jvm.dll+0x78c23f]
V  [jvm.dll+0x78c903]
V  [jvm.dll+0x24be68]
V  [jvm.dll+0x5feeaa]
V  [jvm.dll+0x5f3965]
V  [jvm.dll+0x303b0c]
V  [jvm.dll+0x303992]
V  [jvm.dll+0x3086b6]
V  [jvm.dll+0x34d57f]
V  [jvm.dll+0x34cfb0]
V  [jvm.dll+0x2e0c18]
V  [jvm.dll+0x2e1d76]
V  [jvm.dll+0x765ef7]
V  [jvm.dll+0x76767f]
V  [jvm.dll+0x35a309]
V  [jvm.dll+0x748f80]
V  [jvm.dll+0x3c1f3f]
V  [jvm.dll+0x3c4411]
C  [jli.dll+0x5207]
C  [ucrtbase.dll+0x210b2]
C  [KERNEL32.DLL+0x17c24]
C  [ntdll.dll+0x6d721]


---------------  P R O C E S S  ---------------

Threads class SMR info:
_java_thread_list=0x000002a0d0c73ce0, length=0, elements={
}

Java Threads: ( => current thread )

Other Threads:
  0x000002a0d2eb3000 GCTaskThread "GC Thread#0" [stack: 0x000000a459600000,0x000000a459700000] [id=11944]
  0x000002a0d2ecc000 ConcurrentGCThread "G1 Main Marker" [stack: 0x000000a459700000,0x000000a459800000] [id=1964]
  0x000002a0d2ecd000 ConcurrentGCThread "G1 Conc#0" [stack: 0x000000a459800000,0x000000a459900000] [id=7568]

[error occurred during error reporting (printing all threads), id 0xc0000005, EXCEPTION_ACCESS_VIOLATION (0xc0000005) at pc=0x00007ffa545302e7]

VM state:not at safepoint (not fully initialized)

VM Mutex/Monitor currently owned by a thread:  ([mutex/lock_event])
[0x000002a0d2e976d0] Heap_lock - owner thread: 0x000002a0d2e9a000

Heap address: 0x00000000c2c00000, size: 980 MB, Compressed Oops mode: Non-zero based: 0x00000000c2c00000
Narrow klass base: 0x0000000000000000, Narrow klass shift: 0

GC Heap History (0 events):
No events

Deoptimization events (0 events):
No events

Classes redefined (0 events):
No events

Internal exceptions (0 events):
No events

Events (1 events):
Event: 0.023 Loaded shared library C:\Users\STUDENTE TURNO A\AppData\Local\Programs\Eclipse Foundation\jdk-11.0.12.7-hotspot\bin\zip.dll


Dynamic libraries:
0x00007ff752520000 - 0x00007ff75252d000 	C:\Users\STUDENTE TURNO A\AppData\Local\Programs\Eclipse Foundation\jdk-11.0.12.7-hotspot\bin\java.exe
0x00007ffaa7800000 - 0x00007ffaa79f0000 	C:\windows\SYSTEM32\ntdll.dll
0x00007ffaa5cb0000 - 0x00007ffaa5d62000 	C:\windows\System32\KERNEL32.DLL
0x00007ffaa4820000 - 0x00007ffaa4ac5000 	C:\windows\System32\KERNELBASE.dll
0x00007ffaa4d40000 - 0x00007ffaa4e3a000 	C:\windows\System32\ucrtbase.dll
0x00007ffa94fc0000 - 0x00007ffa94fd7000 	C:\Users\STUDENTE TURNO A\AppData\Local\Programs\Eclipse Foundation\jdk-11.0.12.7-hotspot\bin\jli.dll
0x00007ffaa6cb0000 - 0x00007ffaa6e44000 	C:\windows\System32\USER32.dll
0x00007ffaa4d10000 - 0x00007ffaa4d31000 	C:\windows\System32\win32u.dll
0x00007ffaa6c80000 - 0x00007ffaa6ca6000 	C:\windows\System32\GDI32.dll
0x00007ffaa4ad0000 - 0x00007ffaa4c68000 	C:\windows\System32\gdi32full.dll
0x00007ffaa4c70000 - 0x00007ffaa4d0e000 	C:\windows\System32\msvcp_win.dll
0x00007ffa94fa0000 - 0x00007ffa94fb5000 	C:\Users\STUDENTE TURNO A\AppData\Local\Programs\Eclipse Foundation\jdk-11.0.12.7-hotspot\bin\VCRUNTIME140.dll
0x00007ffa8c590000 - 0x00007ffa8c814000 	C:\windows\WinSxS\amd64_microsoft.windows.common-controls_6595b64144ccf1df_6.0.18362.1556_none_9e7e372fe45e41d5\COMCTL32.dll
0x00007ffaa5a70000 - 0x00007ffaa5b0e000 	C:\windows\System32\msvcrt.dll
0x00007ffaa5f30000 - 0x00007ffaa6266000 	C:\windows\System32\combase.dll
0x00007ffaa6270000 - 0x00007ffaa638f000 	C:\windows\System32\RPCRT4.dll
0x00007ffaa4e40000 - 0x00007ffaa4ec1000 	C:\windows\System32\bcryptPrimitives.dll
0x00007ffaa73d0000 - 0x00007ffaa73fe000 	C:\windows\System32\IMM32.DLL
0x00007ffa7bf10000 - 0x00007ffa7bfab000 	C:\Users\STUDENTE TURNO A\AppData\Local\Programs\Eclipse Foundation\jdk-11.0.12.7-hotspot\bin\msvcp140.dll
0x00007ffa54240000 - 0x00007ffa54d99000 	C:\Users\STUDENTE TURNO A\AppData\Local\Programs\Eclipse Foundation\jdk-11.0.12.7-hotspot\bin\server\jvm.dll
0x00007ffaa5b10000 - 0x00007ffaa5bb3000 	C:\windows\System32\ADVAPI32.dll
0x00007ffaa7400000 - 0x00007ffaa7497000 	C:\windows\System32\sechost.dll
0x00007ffaa6390000 - 0x00007ffaa6398000 	C:\windows\System32\PSAPI.DLL
0x00007ffa9e1c0000 - 0x00007ffa9e1c9000 	C:\windows\SYSTEM32\WSOCK32.dll
0x00007ffaa7750000 - 0x00007ffaa77bf000 	C:\windows\System32\WS2_32.dll
0x00007ffaa2130000 - 0x00007ffaa2154000 	C:\windows\SYSTEM32\WINMM.dll
0x00007ffaa36a0000 - 0x00007ffaa36aa000 	C:\windows\SYSTEM32\VERSION.dll
0x00007ffaa1fb0000 - 0x00007ffaa1fdd000 	C:\windows\SYSTEM32\WINMMBASE.dll
0x00007ffaa50c0000 - 0x00007ffaa510a000 	C:\windows\System32\cfgmgr32.dll
0x00007ffaa4730000 - 0x00007ffaa4741000 	C:\windows\System32\kernel.appcore.dll
0x00007ffa95970000 - 0x00007ffa95980000 	C:\Users\STUDENTE TURNO A\AppData\Local\Programs\Eclipse Foundation\jdk-11.0.12.7-hotspot\bin\verify.dll
0x00007ffaa2df0000 - 0x00007ffaa2fe4000 	C:\windows\SYSTEM32\DBGHELP.DLL
0x00007ffa81900000 - 0x00007ffa8192a000 	C:\windows\SYSTEM32\dbgcore.DLL
0x00007ffa8a330000 - 0x00007ffa8a358000 	C:\Users\STUDENTE TURNO A\AppData\Local\Programs\Eclipse Foundation\jdk-11.0.12.7-hotspot\bin\java.dll
0x00007ffa955e0000 - 0x00007ffa955ea000 	C:\Users\STUDENTE TURNO A\AppData\Local\Programs\Eclipse Foundation\jdk-11.0.12.7-hotspot\bin\jimage.dll
0x00007ffa8a310000 - 0x00007ffa8a327000 	C:\Users\STUDENTE TURNO A\AppData\Local\Programs\Eclipse Foundation\jdk-11.0.12.7-hotspot\bin\zip.dll

dbghelp: loaded successfully - version: 4.0.5 - missing functions: none
symbol engine: initialized successfully - sym options: 0x614 - pdb path: .;C:\Users\STUDENTE TURNO A\AppData\Local\Programs\Eclipse Foundation\jdk-11.0.12.7-hotspot\bin;C:\windows\SYSTEM32;C:\windows\WinSxS\amd64_microsoft.windows.common-controls_6595b64144ccf1df_6.0.18362.1556_none_9e7e372fe45e41d5;C:\Users\STUDENTE TURNO A\AppData\Local\Programs\Eclipse Foundation\jdk-11.0.12.7-hotspot\bin\server

VM Arguments:
java_command: App
java_class_path (initial): C:\Users\STUDENTE TURNO A\AppData\Roaming\Code\User\workspaceStorage\3b45de8f5f42f5bb445899f8d6c62dfd\redhat.java\jdt_ws\ArrayOOP1_6c915da9\bin
Launcher Type: SUN_STANDARD

[Global flags]
     intx CICompilerCount                          = 2                                         {product} {ergonomic}
     uint ConcGCThreads                            = 1                                         {product} {ergonomic}
     uint G1ConcRefinementThreads                  = 2                                         {product} {ergonomic}
   size_t G1HeapRegionSize                         = 1048576                                   {product} {ergonomic}
    uintx GCDrainStackTargetSize                   = 64                                        {product} {ergonomic}
   size_t InitialHeapSize                          = 65011712                                  {product} {ergonomic}
   size_t MarkStackSize                            = 4194304                                   {product} {ergonomic}
   size_t MaxHeapSize                              = 1027604480                                {product} {ergonomic}
   size_t MinHeapDeltaBytes                        = 1048576                                   {product} {ergonomic}
    uintx NonNMethodCodeHeapSize                   = 5825164                                {pd product} {ergonomic}
    uintx NonProfiledCodeHeapSize                  = 122916538                              {pd product} {ergonomic}
    uintx ProfiledCodeHeapSize                     = 122916538                              {pd product} {ergonomic}
    uintx ReservedCodeCacheSize                    = 251658240                              {pd product} {ergonomic}
     bool SegmentedCodeCache                       = true                                      {product} {ergonomic}
     bool UseCompressedClassPointers               = true                                 {lp64_product} {ergonomic}
     bool UseCompressedOops                        = true                                 {lp64_product} {ergonomic}
     bool UseG1GC                                  = true                                      {product} {ergonomic}
     bool UseLargePagesIndividualAllocation        = false                                  {pd product} {ergonomic}

Logging:
Log output configuration:
 #0: stdout all=warning uptime,level,tags
 #1: stderr all=off uptime,level,tags

Environment Variables:
JAVA_HOME=C:\Users\STUDENTE TURNO A\AppData\Local\Programs\Eclipse Foundation\jdk-11.0.12.7-hotspot\
PATH=C:\ProgramData\Oracle\Java\javapath;C:\windows\system32;C:\windows;C:\windows\System32\Wbem;C:\windows\System32\WindowsPowerShell\v1.0\;C:\windows\System32\OpenSSH\;C:\Program Files\Intel\TXE Components\DAL\;C:\Program Files (x86)\Intel\TXE Components\DAL\;C:\Program Files\Java\jdk1.8.0_102\bin;C:\Users\STUDENTE TURNO A\AppData\Local\Programs\Eclipse Foundation\jdk-11.0.12.7-hotspot\bin;C:\Users\STUDENTE TURNO A\AppData\Local\Microsoft\WindowsApps;C:\Users\STUDENTE TURNO A\AppData\Local\Programs\Microsoft VS Code\bin;C:\Users\STUDENTE TURNO A\AppData\Local\Programs\Git\cmd
USERNAME=STUDENTE TURNO A
LANG=it_IT.UTF-8
OS=Windows_NT
PROCESSOR_IDENTIFIER=Intel64 Family 6 Model 122 Stepping 1, GenuineIntel



---------------  S Y S T E M  ---------------

OS: Windows 10 , 64 bit Build 18362 (10.0.18362.1500)
OS uptime: 11 days 0:29 hours

CPU:total 2 (initial active 2) (2 cores per cpu, 1 threads per core) family 6 model 122 stepping 1 microcode 0x34, cmov, cx8, fxsr, mmx, sse, sse2, sse3, ssse3, sse4.1, sse4.2, popcnt, aes, clmul, erms, 3dnowpref, tsc, tscinvbit, sha

Memory: 4k page, system-wide physical 3915M (440M free)
TotalPageFile size 6312M (AvailPageFile size 54M)
current process WorkingSet (physical memory assigned to process): 9M, peak: 9M
current process commit charge ("private bytes"): 47M, peak: 109M

vm_info: OpenJDK 64-Bit Server VM (11.0.12+7) for windows-amd64 JRE (11.0.12+7), built on Jul 21 2021 16:23:49 by "" with unknown MS VC++:1916

END.
