#
# There is insufficient memory for the Java Runtime Environment to continue.
# Native memory allocation (malloc) failed to allocate 32744 bytes for ChunkPool::allocate
# Possible reasons:
#   The system is out of physical RAM or swap space
#   The process is running with CompressedOops enabled, and the Java Heap may be blocking the growth of the native heap
# Possible solutions:
#   Reduce memory load on the system
#   Increase physical memory or swap space
#   Check if swap backing store is full
#   Decrease Java heap size (-Xmx/-Xms)
#   Decrease number of Java threads
#   Decrease Java thread stack sizes (-Xss)
#   Set larger code cache with -XX:ReservedCodeCacheSize=
#   JVM is running with Unscaled Compressed Oops mode in which the Java heap is
#     placed in the first 4GB address space. The Java Heap base address is the
#     maximum limit for the native heap growth. Please use -XX:HeapBaseMinAddress
#     to set the Java Heap base and to place the Java Heap above 4GB virtual address.
# This output file may be truncated or incomplete.
#
#  Out of Memory Error (arena.cpp:78), pid=8472, tid=11076
#
# JRE version: OpenJDK Runtime Environment Temurin-17.0.2+8 (17.0.2+8) (build 17.0.2+8)
# Java VM: OpenJDK 64-Bit Server VM Temurin-17.0.2+8 (17.0.2+8, mixed mode, tiered, compressed oops, compressed class ptrs, parallel gc, windows-amd64)
# No core dump will be written. Minidumps are not enabled by default on client versions of Windows
#

---------------  S U M M A R Y ------------

Command Line: --add-modules=ALL-SYSTEM --add-opens=java.base/java.util=ALL-UNNAMED --add-opens=java.base/java.lang=ALL-UNNAMED --add-opens=java.base/sun.nio.fs=ALL-UNNAMED -Declipse.application=org.eclipse.jdt.ls.core.id1 -Dosgi.bundles.defaultStartLevel=4 -Declipse.product=org.eclipse.jdt.ls.core.product -Djava.import.generatesMetadataFilesAtProjectRoot=false -Dfile.encoding=utf8 -DwatchParentProcess=false -XX:+UseParallelGC -XX:GCTimeRatio=4 -XX:AdaptiveSizePolicyWeight=90 -Dsun.zip.disableMemoryMapping=true -Xmx1G -Xms100m -XX:+HeapDumpOnOutOfMemoryError -XX:HeapDumpPath=c:\Users\STUDENTE TURNO A\AppData\Roaming\Code\User\workspaceStorage\3b45de8f5f42f5bb445899f8d6c62dfd\redhat.java c:\Users\STUDENTE TURNO A\.vscode\extensions\redhat.java-1.5.0\server\plugins\org.eclipse.equinox.launcher_1.6.400.v20210924-0641.jar -configuration c:\Users\STUDENTE TURNO A\AppData\Roaming\Code\User\globalStorage\redhat.java\1.5.0\config_win -data c:\Users\STUDENTE TURNO A\AppData\Roaming\Code\User\workspaceStorage\3b45de8f5f42f5bb445899f8d6c62dfd\redhat.java\jdt_ws

Host: Intel(R) Celeron(R) N4000 CPU @ 1.10GHz, 2 cores, 3G,  Windows 10 , 64 bit Build 18362 (10.0.18362.1500)
Time: Wed May  4 12:09:09 2022 ora legale Europa occidentale elapsed time: 1818.630503 seconds (0d 0h 30m 18s)

---------------  T H R E A D  ---------------

Current thread (0x0000016c4f550400):  JavaThread "C2 CompilerThread0" daemon [_thread_in_native, id=11076, stack(0x0000004cf5f00000,0x0000004cf6000000)]


Current CompileTask:
C2:1818631 17205   !   4       org.eclipse.jdt.internal.core.ClassFileInfo::generateMethodInfos (777 bytes)

Stack: [0x0000004cf5f00000,0x0000004cf6000000]
Native frames: (J=compiled Java code, j=interpreted, Vv=VM code, C=native code)
V  [jvm.dll+0x67564a]
V  [jvm.dll+0x82fc04]
V  [jvm.dll+0x8313ae]
V  [jvm.dll+0x831a13]
V  [jvm.dll+0x245235]
V  [jvm.dll+0xabfc0]
V  [jvm.dll+0xac30c]
V  [jvm.dll+0x368c60]
V  [jvm.dll+0x3681b1]
V  [jvm.dll+0x3681f4]
V  [jvm.dll+0x3615dc]
V  [jvm.dll+0x1bb925]
V  [jvm.dll+0x218229]
V  [jvm.dll+0x2174f1]
V  [jvm.dll+0x1a3a8d]
V  [jvm.dll+0x226ef8]
V  [jvm.dll+0x22503c]
V  [jvm.dll+0x7e596b]
V  [jvm.dll+0x7dff2a]
V  [jvm.dll+0x6744d5]
C  [ucrtbase.dll+0x210b2]
C  [KERNEL32.DLL+0x17c24]
C  [ntdll.dll+0x6d721]


---------------  P R O C E S S  ---------------

Threads class SMR info:
_java_thread_list=0x0000016c5306f380, length=34, elements={
0x0000016c3b751200, 0x0000016c4f521b50, 0x0000016c4f5228d0, 0x0000016c4f548270,
0x0000016c4f548ef0, 0x0000016c4f549c70, 0x0000016c4f54b740, 0x0000016c4f550400,
0x0000016c4f552dc0, 0x0000016c4f5976d0, 0x0000016c4f5ce450, 0x0000016c509fd750,
0x0000016c50edaef0, 0x0000016c50b52d80, 0x0000016c50b537a0, 0x0000016c5107d6c0,
0x0000016c513760a0, 0x0000016c509a2040, 0x0000016c50dc3770, 0x0000016c50dc1a90,
0x0000016c50dc32a0, 0x0000016c52b918f0, 0x0000016c50dc4110, 0x0000016c52b96f90,
0x0000016c52b96ac0, 0x0000016c50dc2dd0, 0x0000016c50dc45e0, 0x0000016c54f7b710,
0x0000016c54f74390, 0x0000016c54f7a8a0, 0x0000016c54f78bc0, 0x0000016c54f74d30,
0x0000016c54f79f00, 0x0000016c54f7bbe0
}

Java Threads: ( => current thread )
  0x0000016c3b751200 JavaThread "main" [_thread_blocked, id=5788, stack(0x0000004cf5600000,0x0000004cf5700000)]
  0x0000016c4f521b50 JavaThread "Reference Handler" daemon [_thread_blocked, id=8352, stack(0x0000004cf5900000,0x0000004cf5a00000)]
  0x0000016c4f5228d0 JavaThread "Finalizer" daemon [_thread_blocked, id=5512, stack(0x0000004cf5a00000,0x0000004cf5b00000)]
  0x0000016c4f548270 JavaThread "Signal Dispatcher" daemon [_thread_blocked, id=7964, stack(0x0000004cf5b00000,0x0000004cf5c00000)]
  0x0000016c4f548ef0 JavaThread "Attach Listener" daemon [_thread_blocked, id=8816, stack(0x0000004cf5c00000,0x0000004cf5d00000)]
  0x0000016c4f549c70 JavaThread "Service Thread" daemon [_thread_blocked, id=6800, stack(0x0000004cf5d00000,0x0000004cf5e00000)]
  0x0000016c4f54b740 JavaThread "Monitor Deflation Thread" daemon [_thread_blocked, id=10184, stack(0x0000004cf5e00000,0x0000004cf5f00000)]
=>0x0000016c4f550400 JavaThread "C2 CompilerThread0" daemon [_thread_in_native, id=11076, stack(0x0000004cf5f00000,0x0000004cf6000000)]
  0x0000016c4f552dc0 JavaThread "C1 CompilerThread0" daemon [_thread_blocked, id=2220, stack(0x0000004cf6000000,0x0000004cf6100000)]
  0x0000016c4f5976d0 JavaThread "Sweeper thread" daemon [_thread_blocked, id=6616, stack(0x0000004cf6100000,0x0000004cf6200000)]
  0x0000016c4f5ce450 JavaThread "Common-Cleaner" daemon [_thread_blocked, id=9028, stack(0x0000004cf6200000,0x0000004cf6300000)]
  0x0000016c509fd750 JavaThread "Notification Thread" daemon [_thread_blocked, id=6728, stack(0x0000004cf6300000,0x0000004cf6400000)]
  0x0000016c50edaef0 JavaThread "Active Thread: Equinox Container: a152e546-7b80-405a-9ea9-6c44b3b4b1df" [_thread_blocked, id=8480, stack(0x0000004cf6500000,0x0000004cf6600000)]
  0x0000016c50b52d80 JavaThread "Framework Event Dispatcher: Equinox Container: a152e546-7b80-405a-9ea9-6c44b3b4b1df" daemon [_thread_blocked, id=10316, stack(0x0000004cf6600000,0x0000004cf6700000)]
  0x0000016c50b537a0 JavaThread "Start Level: Equinox Container: a152e546-7b80-405a-9ea9-6c44b3b4b1df" daemon [_thread_blocked, id=5744, stack(0x0000004cf6700000,0x0000004cf6800000)]
  0x0000016c5107d6c0 JavaThread "SCR Component Actor" daemon [_thread_blocked, id=12588, stack(0x0000004cf6900000,0x0000004cf6a00000)]
  0x0000016c513760a0 JavaThread "Bundle File Closer" daemon [_thread_blocked, id=1476, stack(0x0000004cf6b00000,0x0000004cf6c00000)]
  0x0000016c509a2040 JavaThread "Worker-JM" [_thread_blocked, id=2988, stack(0x0000004cf6c00000,0x0000004cf6d00000)]
  0x0000016c50dc3770 JavaThread "Java indexing" daemon [_thread_blocked, id=1788, stack(0x0000004cf6f00000,0x0000004cf7000000)]
  0x0000016c50dc1a90 JavaThread "pool-2-thread-1" [_thread_in_native, id=8024, stack(0x0000004cf7000000,0x0000004cf7100000)]
  0x0000016c50dc32a0 JavaThread "Worker-3" [_thread_blocked, id=12148, stack(0x0000004cf7100000,0x0000004cf7200000)]
  0x0000016c52b918f0 JavaThread "Worker-9" [_thread_blocked, id=4192, stack(0x0000004cf5500000,0x0000004cf5600000)]
  0x0000016c50dc4110 JavaThread "Worker-10" [_thread_blocked, id=12624, stack(0x0000004cf5400000,0x0000004cf5500000)]
  0x0000016c52b96f90 JavaThread "ForkJoinPool.commonPool-worker-5" daemon [_thread_blocked, id=8064, stack(0x0000004cf6d00000,0x0000004cf6e00000)]
  0x0000016c52b96ac0 JavaThread "pool-4-thread-1" [_thread_blocked, id=7776, stack(0x0000004cf7200000,0x0000004cf7300000)]
  0x0000016c50dc2dd0 JavaThread "pool-3-thread-1" [_thread_blocked, id=2432, stack(0x0000004cf7300000,0x0000004cf7400000)]
  0x0000016c50dc45e0 JavaThread "Worker-11" [_thread_blocked, id=6316, stack(0x0000004cf7400000,0x0000004cf7500000)]
  0x0000016c54f7b710 JavaThread "pool-5-thread-1" [_thread_blocked, id=12796, stack(0x0000004cf6e00000,0x0000004cf6f00000)]
  0x0000016c54f74390 JavaThread "pool-6-thread-1" [_thread_blocked, id=12548, stack(0x0000004cf7700000,0x0000004cf7800000)]
  0x0000016c54f7a8a0 JavaThread "pool-7-thread-1" [_thread_blocked, id=6228, stack(0x0000004cf7500000,0x0000004cf7600000)]
  0x0000016c54f78bc0 JavaThread "pool-8-thread-1" [_thread_blocked, id=9172, stack(0x0000004cf7900000,0x0000004cf7a00000)]
  0x0000016c54f74d30 JavaThread "pool-10-thread-1" [_thread_blocked, id=1492, stack(0x0000004cf7a00000,0x0000004cf7b00000)]
  0x0000016c54f79f00 JavaThread "pool-9-thread-1" [_thread_blocked, id=1080, stack(0x0000004cf7b00000,0x0000004cf7c00000)]
  0x0000016c54f7bbe0 JavaThread "pool-11-thread-1" [_thread_blocked, id=11156, stack(0x0000004cf7600000,0x0000004cf7700000)]

Other Threads:
  0x0000016c4f509b10 VMThread "VM Thread" [stack: 0x0000004cf5800000,0x0000004cf5900000] [id=988]
  0x0000016c509fdc20 WatcherThread [stack: 0x0000004cf6400000,0x0000004cf6500000] [id=1540]
  0x0000016c3b767ef0 GCTaskThread "GC Thread#0" [stack: 0x0000004cf5700000,0x0000004cf5800000] [id=12460]
  0x0000016c396ac320 GCTaskThread "GC Thread#1" [stack: 0x0000004cf6800000,0x0000004cf6900000] [id=7384]

Threads with active compile tasks:
C2 CompilerThread0  1818720 17205   !   4       org.eclipse.jdt.internal.core.ClassFileInfo::generateMethodInfos (777 bytes)

VM state: not at safepoint (normal execution)

VM Mutex/Monitor currently owned by a thread: None

Heap address: 0x00000000c0000000, size: 1024 MB, Compressed Oops mode: 32-bit

CDS archive(s) not mapped
Compressed class space mapped at: 0x0000000100000000-0x0000000140000000, reserved size: 1073741824
Narrow klass base: 0x0000000000000000, Narrow klass shift: 3, Narrow klass range: 0x140000000

GC Precious Log:
 CPUs: 2 total, 2 available
 Memory: 3915M
 Large Page Support: Disabled
 NUMA Support: Disabled
 Compressed Oops: Enabled (32-bit)
 Alignments: Space 512K, Generation 512K, Heap 2M
 Heap Min Capacity: 100M
 Heap Initial Capacity: 100M
 Heap Max Capacity: 1G
 Pre-touch: Disabled
 Parallel Workers: 2

Heap:
 PSYoungGen      total 5632K, used 4329K [0x00000000eab00000, 0x00000000eb600000, 0x0000000100000000)
  eden space 5120K, 78% used [0x00000000eab00000,0x00000000eaef2750,0x00000000eb000000)
  from space 512K, 56% used [0x00000000eb580000,0x00000000eb5c8000,0x00000000eb600000)
  to   space 2048K, 0% used [0x00000000eb200000,0x00000000eb200000,0x00000000eb400000)
 ParOldGen       total 312320K, used 255418K [0x00000000c0000000, 0x00000000d3100000, 0x00000000eab00000)
  object space 312320K, 81% used [0x00000000c0000000,0x00000000cf96eb20,0x00000000d3100000)
 Metaspace       used 76690K, committed 77632K, reserved 1122304K
  class space    used 7778K, committed 8192K, reserved 1048576K

Card table byte_map: [0x0000016c3b100000,0x0000016c3b310000] _byte_map_base: 0x0000016c3ab00000

Marking Bits: (ParMarkBitMap*) 0x00007ffa59103af0
 Begin Bits: [0x0000016c4d3d0000, 0x0000016c4e3d0000)
 End Bits:   [0x0000016c4e3d0000, 0x0000016c4f3d0000)

Polling page: 0x0000016c39580000

Metaspace:

Usage:
  Non-class:     67.30 MB used.
      Class:      7.60 MB used.
       Both:     74.89 MB used.

Virtual space:
  Non-class space:       72.00 MB reserved,      67.81 MB ( 94%) committed,  9 nodes.
      Class space:        1.00 GB reserved,       8.00 MB ( <1%) committed,  1 nodes.
             Both:        1.07 GB reserved,      75.81 MB (  7%) committed. 

Chunk freelists:
   Non-Class:  3.70 MB
       Class:  39.00 KB
        Both:  3.74 MB

MaxMetaspaceSize: unlimited
CompressedClassSpaceSize: 1.00 GB
Initial GC threshold: 21.00 MB
Current GC threshold: 126.19 MB
CDS: off
MetaspaceReclaimPolicy: balanced
 - commit_granule_bytes: 65536.
 - commit_granule_words: 8192.
 - virtual_space_node_default_size: 1048576.
 - enlarge_chunks_in_place: 1.
 - new_chunks_are_fully_committed: 0.
 - uncommit_free_chunks: 1.
 - use_allocation_guard: 0.
 - handle_deallocations: 1.


Internal statistics:

num_allocs_failed_limit: 11.
num_arena_births: 476.
num_arena_deaths: 74.
num_vsnodes_births: 10.
num_vsnodes_deaths: 0.
num_space_committed: 1213.
num_space_uncommitted: 0.
num_chunks_returned_to_freelist: 99.
num_chunks_taken_from_freelist: 3328.
num_chunk_merges: 35.
num_chunk_splits: 2152.
num_chunks_enlarged: 1366.
num_purges: 4.
num_inconsistent_stats: 0.

CodeHeap 'non-profiled nmethods': size=120064Kb used=12295Kb max_used=12295Kb free=107768Kb
 bounds [0x0000016c45e90000, 0x0000016c46ad0000, 0x0000016c4d3d0000]
CodeHeap 'profiled nmethods': size=120000Kb used=26879Kb max_used=26879Kb free=93120Kb
 bounds [0x0000016c3e960000, 0x0000016c403b0000, 0x0000016c45e90000]
CodeHeap 'non-nmethods': size=5696Kb used=1406Kb max_used=1485Kb free=4289Kb
 bounds [0x0000016c3e3d0000, 0x0000016c3e640000, 0x0000016c3e960000]
 total_blobs=12958 nmethods=12200 adapters=666
 compilation: enabled
              stopped_count=0, restarted_count=0
 full_count=0

Compilation events (20 events):
Event: 1817.311 Thread 0x0000016c4f552dc0 17225       2       org.eclipse.jdt.ls.core.internal.handlers.CodeActionHandler$ChangeCorrectionProposalComparator::compare (13 bytes)
Event: 1817.311 Thread 0x0000016c4f552dc0 nmethod 17225 0x0000016c403a5710 code [0x0000016c403a58c0, 0x0000016c403a5a48]
Event: 1817.399 Thread 0x0000016c4f552dc0 17227       2       org.eclipse.jdt.internal.core.CompilationUnit::equals (40 bytes)
Event: 1817.399 Thread 0x0000016c4f552dc0 nmethod 17227 0x0000016c403a5b10 code [0x0000016c403a5cc0, 0x0000016c403a5ee8]
Event: 1817.925 Thread 0x0000016c4f552dc0 17229       2       org.eclipse.jdt.internal.junit.launcher.JUnit4TestFinder$Annotation::annotates (60 bytes)
Event: 1817.926 Thread 0x0000016c4f552dc0 nmethod 17229 0x0000016c403a6010 code [0x0000016c403a61e0, 0x0000016c403a64d8]
Event: 1818.185 Thread 0x0000016c4f552dc0 17230       2       java.lang.IllegalArgumentException::<init> (6 bytes)
Event: 1818.185 Thread 0x0000016c4f552dc0 nmethod 17230 0x0000016c403a6710 code [0x0000016c403a68a0, 0x0000016c403a69c8]
Event: 1818.301 Thread 0x0000016c4f552dc0 17231       2       org.eclipse.lsp4j.Diagnostic::<init> (5 bytes)
Event: 1818.301 Thread 0x0000016c4f552dc0 nmethod 17231 0x0000016c3ee4c790 code [0x0000016c3ee4c920, 0x0000016c3ee4ca18]
Event: 1818.309 Thread 0x0000016c4f552dc0 17232       2       org.eclipse.core.internal.localstore.UnifiedTree::isLevelMarker (11 bytes)
Event: 1818.309 Thread 0x0000016c4f552dc0 nmethod 17232 0x0000016c403a6a90 code [0x0000016c403a6c20, 0x0000016c403a6d78]
Event: 1818.316 Thread 0x0000016c4f552dc0 17233   !   2       java.io.BufferedReader::read (112 bytes)
Event: 1818.318 Thread 0x0000016c4f552dc0 nmethod 17233 0x0000016c403a6e10 code [0x0000016c403a7020, 0x0000016c403a75a8]
Event: 1818.318 Thread 0x0000016c4f552dc0 17234       2       java.io.BufferedReader::read1 (171 bytes)
Event: 1818.318 Thread 0x0000016c4f552dc0 nmethod 17234 0x0000016c403a7990 code [0x0000016c403a7b80, 0x0000016c403a7f38]
Event: 1818.407 Thread 0x0000016c4f552dc0 17236       2       org.eclipse.jdt.internal.core.JavaElementDelta::getAncestors (60 bytes)
Event: 1818.408 Thread 0x0000016c4f552dc0 nmethod 17236 0x0000016c403a8090 code [0x0000016c403a8280, 0x0000016c403a8728]
Event: 1818.408 Thread 0x0000016c4f552dc0 17237       1       org.eclipse.jdt.core.manipulation.ChangeCorrectionProposalCore::getRelevance (5 bytes)
Event: 1818.408 Thread 0x0000016c4f552dc0 nmethod 17237 0x0000016c46a12110 code [0x0000016c46a122a0, 0x0000016c46a12378]

GC Heap History (20 events):
Event: 1816.564 GC heap before
{Heap before GC invocations=975 (full 23):
 PSYoungGen      total 6656K, used 6464K [0x00000000eab00000, 0x00000000eb680000, 0x0000000100000000)
  eden space 5120K, 100% used [0x00000000eab00000,0x00000000eb000000,0x00000000eb000000)
  from space 1536K, 87% used [0x00000000eb500000,0x00000000eb650000,0x00000000eb680000)
  to   space 1536K, 0% used [0x00000000eb380000,0x00000000eb380000,0x00000000eb500000)
 ParOldGen       total 303104K, used 297701K [0x00000000c0000000, 0x00000000d2800000, 0x00000000eab00000)
  object space 303104K, 98% used [0x00000000c0000000,0x00000000d22b9760,0x00000000d2800000)
 Metaspace       used 76668K, committed 77632K, reserved 1122304K
  class space    used 7777K, committed 8192K, reserved 1048576K
}
Event: 1816.574 GC heap after
{Heap after GC invocations=975 (full 23):
 PSYoungGen      total 6656K, used 1508K [0x00000000eab00000, 0x00000000eb700000, 0x0000000100000000)
  eden space 5120K, 0% used [0x00000000eab00000,0x00000000eab00000,0x00000000eb000000)
  from space 1536K, 98% used [0x00000000eb380000,0x00000000eb4f9000,0x00000000eb500000)
  to   space 2048K, 0% used [0x00000000eb500000,0x00000000eb500000,0x00000000eb700000)
 ParOldGen       total 303104K, used 299029K [0x00000000c0000000, 0x00000000d2800000, 0x00000000eab00000)
  object space 303104K, 98% used [0x00000000c0000000,0x00000000d2405760,0x00000000d2800000)
 Metaspace       used 76668K, committed 77632K, reserved 1122304K
  class space    used 7777K, committed 8192K, reserved 1048576K
}
Event: 1816.758 GC heap before
{Heap before GC invocations=976 (full 23):
 PSYoungGen      total 6656K, used 6628K [0x00000000eab00000, 0x00000000eb700000, 0x0000000100000000)
  eden space 5120K, 100% used [0x00000000eab00000,0x00000000eb000000,0x00000000eb000000)
  from space 1536K, 98% used [0x00000000eb380000,0x00000000eb4f9000,0x00000000eb500000)
  to   space 2048K, 0% used [0x00000000eb500000,0x00000000eb500000,0x00000000eb700000)
 ParOldGen       total 303104K, used 299029K [0x00000000c0000000, 0x00000000d2800000, 0x00000000eab00000)
  object space 303104K, 98% used [0x00000000c0000000,0x00000000d2405760,0x00000000d2800000)
 Metaspace       used 76668K, committed 77632K, reserved 1122304K
  class space    used 7777K, committed 8192K, reserved 1048576K
}
Event: 1816.768 GC heap after
{Heap after GC invocations=976 (full 23):
 PSYoungGen      total 6656K, used 1472K [0x00000000eab00000, 0x00000000eb680000, 0x0000000100000000)
  eden space 5120K, 0% used [0x00000000eab00000,0x00000000eab00000,0x00000000eb000000)
  from space 1536K, 95% used [0x00000000eb500000,0x00000000eb670000,0x00000000eb680000)
  to   space 2048K, 0% used [0x00000000eb280000,0x00000000eb280000,0x00000000eb480000)
 ParOldGen       total 303104K, used 300542K [0x00000000c0000000, 0x00000000d2800000, 0x00000000eab00000)
  object space 303104K, 99% used [0x00000000c0000000,0x00000000d257fb00,0x00000000d2800000)
 Metaspace       used 76668K, committed 77632K, reserved 1122304K
  class space    used 7777K, committed 8192K, reserved 1048576K
}
Event: 1816.838 GC heap before
{Heap before GC invocations=977 (full 23):
 PSYoungGen      total 6656K, used 6592K [0x00000000eab00000, 0x00000000eb680000, 0x0000000100000000)
  eden space 5120K, 100% used [0x00000000eab00000,0x00000000eb000000,0x00000000eb000000)
  from space 1536K, 95% used [0x00000000eb500000,0x00000000eb670000,0x00000000eb680000)
  to   space 2048K, 0% used [0x00000000eb280000,0x00000000eb280000,0x00000000eb480000)
 ParOldGen       total 303104K, used 300542K [0x00000000c0000000, 0x00000000d2800000, 0x00000000eab00000)
  object space 303104K, 99% used [0x00000000c0000000,0x00000000d257fb00,0x00000000d2800000)
 Metaspace       used 76668K, committed 77632K, reserved 1122304K
  class space    used 7777K, committed 8192K, reserved 1048576K
}
Event: 1816.847 GC heap after
{Heap after GC invocations=977 (full 23):
 PSYoungGen      total 6656K, used 1422K [0x00000000eab00000, 0x00000000eb580000, 0x0000000100000000)
  eden space 5120K, 0% used [0x00000000eab00000,0x00000000eab00000,0x00000000eb000000)
  from space 1536K, 92% used [0x00000000eb280000,0x00000000eb3e39e0,0x00000000eb400000)
  to   space 1536K, 0% used [0x00000000eb400000,0x00000000eb400000,0x00000000eb580000)
 ParOldGen       total 303104K, used 301997K [0x00000000c0000000, 0x00000000d2800000, 0x00000000eab00000)
  object space 303104K, 99% used [0x00000000c0000000,0x00000000d26eb598,0x00000000d2800000)
 Metaspace       used 76668K, committed 77632K, reserved 1122304K
  class space    used 7777K, committed 8192K, reserved 1048576K
}
Event: 1816.847 GC heap before
{Heap before GC invocations=978 (full 24):
 PSYoungGen      total 6656K, used 1422K [0x00000000eab00000, 0x00000000eb580000, 0x0000000100000000)
  eden space 5120K, 0% used [0x00000000eab00000,0x00000000eab00000,0x00000000eb000000)
  from space 1536K, 92% used [0x00000000eb280000,0x00000000eb3e39e0,0x00000000eb400000)
  to   space 1536K, 0% used [0x00000000eb400000,0x00000000eb400000,0x00000000eb580000)
 ParOldGen       total 303104K, used 301997K [0x00000000c0000000, 0x00000000d2800000, 0x00000000eab00000)
  object space 303104K, 99% used [0x00000000c0000000,0x00000000d26eb598,0x00000000d2800000)
 Metaspace       used 76668K, committed 77632K, reserved 1122304K
  class space    used 7777K, committed 8192K, reserved 1048576K
}
Event: 1817.168 GC heap after
{Heap after GC invocations=978 (full 24):
 PSYoungGen      total 5632K, used 0K [0x00000000eab00000, 0x00000000eb480000, 0x0000000100000000)
  eden space 5120K, 0% used [0x00000000eab00000,0x00000000eab00000,0x00000000eb000000)
  from space 512K, 0% used [0x00000000eb400000,0x00000000eb400000,0x00000000eb480000)
  to   space 1536K, 0% used [0x00000000eb180000,0x00000000eb180000,0x00000000eb300000)
 ParOldGen       total 312320K, used 247259K [0x00000000c0000000, 0x00000000d3100000, 0x00000000eab00000)
  object space 312320K, 79% used [0x00000000c0000000,0x00000000cf176d10,0x00000000d3100000)
 Metaspace       used 76668K, committed 77632K, reserved 1122304K
  class space    used 7777K, committed 8192K, reserved 1048576K
}
Event: 1817.227 GC heap before
{Heap before GC invocations=979 (full 24):
 PSYoungGen      total 5632K, used 5120K [0x00000000eab00000, 0x00000000eb480000, 0x0000000100000000)
  eden space 5120K, 100% used [0x00000000eab00000,0x00000000eb000000,0x00000000eb000000)
  from space 512K, 0% used [0x00000000eb400000,0x00000000eb400000,0x00000000eb480000)
  to   space 1536K, 0% used [0x00000000eb180000,0x00000000eb180000,0x00000000eb300000)
 ParOldGen       total 312320K, used 247259K [0x00000000c0000000, 0x00000000d3100000, 0x00000000eab00000)
  object space 312320K, 79% used [0x00000000c0000000,0x00000000cf176d10,0x00000000d3100000)
 Metaspace       used 76668K, committed 77632K, reserved 1122304K
  class space    used 7777K, committed 8192K, reserved 1048576K
}
Event: 1817.232 GC heap after
{Heap after GC invocations=979 (full 24):
 PSYoungGen      total 6656K, used 1184K [0x00000000eab00000, 0x00000000eb480000, 0x0000000100000000)
  eden space 5120K, 0% used [0x00000000eab00000,0x00000000eab00000,0x00000000eb000000)
  from space 1536K, 77% used [0x00000000eb180000,0x00000000eb2a8000,0x00000000eb300000)
  to   space 1536K, 0% used [0x00000000eb300000,0x00000000eb300000,0x00000000eb480000)
 ParOldGen       total 312320K, used 247259K [0x00000000c0000000, 0x00000000d3100000, 0x00000000eab00000)
  object space 312320K, 79% used [0x00000000c0000000,0x00000000cf176d10,0x00000000d3100000)
 Metaspace       used 76668K, committed 77632K, reserved 1122304K
  class space    used 7777K, committed 8192K, reserved 1048576K
}
Event: 1817.293 GC heap before
{Heap before GC invocations=980 (full 24):
 PSYoungGen      total 6656K, used 6304K [0x00000000eab00000, 0x00000000eb480000, 0x0000000100000000)
  eden space 5120K, 100% used [0x00000000eab00000,0x00000000eb000000,0x00000000eb000000)
  from space 1536K, 77% used [0x00000000eb180000,0x00000000eb2a8000,0x00000000eb300000)
  to   space 1536K, 0% used [0x00000000eb300000,0x00000000eb300000,0x00000000eb480000)
 ParOldGen       total 312320K, used 247259K [0x00000000c0000000, 0x00000000d3100000, 0x00000000eab00000)
  object space 312320K, 79% used [0x00000000c0000000,0x00000000cf176d10,0x00000000d3100000)
 Metaspace       used 76682K, committed 77632K, reserved 1122304K
  class space    used 7778K, committed 8192K, reserved 1048576K
}
Event: 1817.301 GC heap after
{Heap after GC invocations=980 (full 24):
 PSYoungGen      total 6144K, used 864K [0x00000000eab00000, 0x00000000eb400000, 0x0000000100000000)
  eden space 5120K, 0% used [0x00000000eab00000,0x00000000eab00000,0x00000000eb000000)
  from space 1024K, 84% used [0x00000000eb300000,0x00000000eb3d8000,0x00000000eb400000)
  to   space 1024K, 0% used [0x00000000eb200000,0x00000000eb200000,0x00000000eb300000)
 ParOldGen       total 312320K, used 248427K [0x00000000c0000000, 0x00000000d3100000, 0x00000000eab00000)
  object space 312320K, 79% used [0x00000000c0000000,0x00000000cf29ad10,0x00000000d3100000)
 Metaspace       used 76682K, committed 77632K, reserved 1122304K
  class space    used 7778K, committed 8192K, reserved 1048576K
}
Event: 1817.367 GC heap before
{Heap before GC invocations=981 (full 24):
 PSYoungGen      total 6144K, used 5984K [0x00000000eab00000, 0x00000000eb400000, 0x0000000100000000)
  eden space 5120K, 100% used [0x00000000eab00000,0x00000000eb000000,0x00000000eb000000)
  from space 1024K, 84% used [0x00000000eb300000,0x00000000eb3d8000,0x00000000eb400000)
  to   space 1024K, 0% used [0x00000000eb200000,0x00000000eb200000,0x00000000eb300000)
 ParOldGen       total 312320K, used 248427K [0x00000000c0000000, 0x00000000d3100000, 0x00000000eab00000)
  object space 312320K, 79% used [0x00000000c0000000,0x00000000cf29ad10,0x00000000d3100000)
 Metaspace       used 76686K, committed 77632K, reserved 1122304K
  class space    used 7778K, committed 8192K, reserved 1048576K
}
Event: 1817.376 GC heap after
{Heap after GC invocations=981 (full 24):
 PSYoungGen      total 6144K, used 1024K [0x00000000eab00000, 0x00000000eb500000, 0x0000000100000000)
  eden space 5120K, 0% used [0x00000000eab00000,0x00000000eab00000,0x00000000eb000000)
  from space 1024K, 100% used [0x00000000eb200000,0x00000000eb300000,0x00000000eb300000)
  to   space 2048K, 0% used [0x00000000eb300000,0x00000000eb300000,0x00000000eb500000)
 ParOldGen       total 312320K, used 249401K [0x00000000c0000000, 0x00000000d3100000, 0x00000000eab00000)
  object space 312320K, 79% used [0x00000000c0000000,0x00000000cf38e5d0,0x00000000d3100000)
 Metaspace       used 76686K, committed 77632K, reserved 1122304K
  class space    used 7778K, committed 8192K, reserved 1048576K
}
Event: 1817.414 GC heap before
{Heap before GC invocations=982 (full 24):
 PSYoungGen      total 6144K, used 6057K [0x00000000eab00000, 0x00000000eb500000, 0x0000000100000000)
  eden space 5120K, 98% used [0x00000000eab00000,0x00000000eafea6a8,0x00000000eb000000)
  from space 1024K, 100% used [0x00000000eb200000,0x00000000eb300000,0x00000000eb300000)
  to   space 2048K, 0% used [0x00000000eb300000,0x00000000eb300000,0x00000000eb500000)
 ParOldGen       total 312320K, used 249401K [0x00000000c0000000, 0x00000000d3100000, 0x00000000eab00000)
  object space 312320K, 79% used [0x00000000c0000000,0x00000000cf38e5d0,0x00000000d3100000)
 Metaspace       used 76686K, committed 77632K, reserved 1122304K
  class space    used 7778K, committed 8192K, reserved 1048576K
}
Event: 1817.421 GC heap after
{Heap after GC invocations=982 (full 24):
 PSYoungGen      total 6656K, used 1160K [0x00000000eab00000, 0x00000000eb480000, 0x0000000100000000)
  eden space 5120K, 0% used [0x00000000eab00000,0x00000000eab00000,0x00000000eb000000)
  from space 1536K, 75% used [0x00000000eb300000,0x00000000eb422010,0x00000000eb480000)
  to   space 1536K, 0% used [0x00000000eb180000,0x00000000eb180000,0x00000000eb300000)
 ParOldGen       total 312320K, used 250443K [0x00000000c0000000, 0x00000000d3100000, 0x00000000eab00000)
  object space 312320K, 80% used [0x00000000c0000000,0x00000000cf492ca8,0x00000000d3100000)
 Metaspace       used 76686K, committed 77632K, reserved 1122304K
  class space    used 7778K, committed 8192K, reserved 1048576K
}
Event: 1817.579 GC heap before
{Heap before GC invocations=983 (full 24):
 PSYoungGen      total 6656K, used 6280K [0x00000000eab00000, 0x00000000eb480000, 0x0000000100000000)
  eden space 5120K, 100% used [0x00000000eab00000,0x00000000eb000000,0x00000000eb000000)
  from space 1536K, 75% used [0x00000000eb300000,0x00000000eb422010,0x00000000eb480000)
  to   space 1536K, 0% used [0x00000000eb180000,0x00000000eb180000,0x00000000eb300000)
 ParOldGen       total 312320K, used 250443K [0x00000000c0000000, 0x00000000d3100000, 0x00000000eab00000)
  object space 312320K, 80% used [0x00000000c0000000,0x00000000cf492ca8,0x00000000d3100000)
 Metaspace       used 76686K, committed 77632K, reserved 1122304K
  class space    used 7778K, committed 8192K, reserved 1048576K
}
Event: 1817.589 GC heap after
{Heap after GC invocations=983 (full 24):
 PSYoungGen      total 6656K, used 1514K [0x00000000eab00000, 0x00000000ebb00000, 0x0000000100000000)
  eden space 5120K, 0% used [0x00000000eab00000,0x00000000eab00000,0x00000000eb000000)
  from space 1536K, 98% used [0x00000000eb180000,0x00000000eb2fab40,0x00000000eb300000)
  to   space 5632K, 0% used [0x00000000eb580000,0x00000000eb580000,0x00000000ebb00000)
 ParOldGen       total 312320K, used 253887K [0x00000000c0000000, 0x00000000d3100000, 0x00000000eab00000)
  object space 312320K, 81% used [0x00000000c0000000,0x00000000cf7effe0,0x00000000d3100000)
 Metaspace       used 76686K, committed 77632K, reserved 1122304K
  class space    used 7778K, committed 8192K, reserved 1048576K
}
Event: 1818.398 GC heap before
{Heap before GC invocations=984 (full 24):
 PSYoungGen      total 6656K, used 6634K [0x00000000eab00000, 0x00000000ebb00000, 0x0000000100000000)
  eden space 5120K, 100% used [0x00000000eab00000,0x00000000eb000000,0x00000000eb000000)
  from space 1536K, 98% used [0x00000000eb180000,0x00000000eb2fab40,0x00000000eb300000)
  to   space 5632K, 0% used [0x00000000eb580000,0x00000000eb580000,0x00000000ebb00000)
 ParOldGen       total 312320K, used 253887K [0x00000000c0000000, 0x00000000d3100000, 0x00000000eab00000)
  object space 312320K, 81% used [0x00000000c0000000,0x00000000cf7effe0,0x00000000d3100000)
 Metaspace       used 76688K, committed 77632K, reserved 1122304K
  class space    used 7778K, committed 8192K, reserved 1048576K
}
Event: 1818.403 GC heap after
{Heap after GC invocations=984 (full 24):
 PSYoungGen      total 5632K, used 288K [0x00000000eab00000, 0x00000000eb600000, 0x0000000100000000)
  eden space 5120K, 0% used [0x00000000eab00000,0x00000000eab00000,0x00000000eb000000)
  from space 512K, 56% used [0x00000000eb580000,0x00000000eb5c8000,0x00000000eb600000)
  to   space 2048K, 0% used [0x00000000eb200000,0x00000000eb200000,0x00000000eb400000)
 ParOldGen       total 312320K, used 255418K [0x00000000c0000000, 0x00000000d3100000, 0x00000000eab00000)
  object space 312320K, 81% used [0x00000000c0000000,0x00000000cf96eb20,0x00000000d3100000)
 Metaspace       used 76688K, committed 77632K, reserved 1122304K
  class space    used 7778K, committed 8192K, reserved 1048576K
}

Deoptimization events (20 events):
Event: 1815.930 Thread 0x0000016c50dc4110 DEOPT PACKING pc=0x0000016c3f45109e sp=0x0000004cf54fe700
Event: 1815.930 Thread 0x0000016c50dc4110 DEOPT UNPACKING pc=0x0000016c3e422824 sp=0x0000004cf54fdbd0 mode 0
Event: 1816.482 Thread 0x0000016c54f7b240 DEOPT PACKING pc=0x0000016c3fb154f3 sp=0x0000004cf6afe430
Event: 1816.482 Thread 0x0000016c54f7b240 DEOPT UNPACKING pc=0x0000016c3e422824 sp=0x0000004cf6afd888 mode 0
Event: 1816.785 Thread 0x0000016c50dc4110 Uncommon trap: trap_request=0xffffff45 fr.pc=0x0000016c4636fc00 relative=0x00000000000002c0
Event: 1816.785 Thread 0x0000016c50dc4110 Uncommon trap: reason=unstable_if action=reinterpret pc=0x0000016c4636fc00 method=org.eclipse.jdt.internal.compiler.ast.Expression.computeConversion(Lorg/eclipse/jdt/internal/compiler/lookup/Scope;Lorg/eclipse/jdt/internal/compiler/lookup/TypeBinding;Lorg
Event: 1816.785 Thread 0x0000016c50dc4110 DEOPT PACKING pc=0x0000016c4636fc00 sp=0x0000004cf54fe4f0
Event: 1816.785 Thread 0x0000016c50dc4110 DEOPT UNPACKING pc=0x0000016c3e42209d sp=0x0000004cf54fe470 mode 2
Event: 1817.309 Thread 0x0000016c54f75200 Uncommon trap: trap_request=0xffffff45 fr.pc=0x0000016c46872fbc relative=0x000000000000073c
Event: 1817.309 Thread 0x0000016c54f75200 Uncommon trap: reason=unstable_if action=reinterpret pc=0x0000016c46872fbc method=org.eclipse.jdt.internal.core.util.PublicScanner.scanIdentifierOrKeyword()I @ 27 c2
Event: 1817.309 Thread 0x0000016c54f75200 DEOPT PACKING pc=0x0000016c46872fbc sp=0x0000004cf7dfe930
Event: 1817.309 Thread 0x0000016c54f75200 DEOPT UNPACKING pc=0x0000016c3e42209d sp=0x0000004cf7dfe828 mode 2
Event: 1817.393 Thread 0x0000016c54f7b240 Uncommon trap: trap_request=0xffffff45 fr.pc=0x0000016c464c8620 relative=0x0000000000000200
Event: 1817.393 Thread 0x0000016c54f7b240 Uncommon trap: reason=unstable_if action=reinterpret pc=0x0000016c464c8620 method=org.eclipse.jdt.internal.core.JavaElement.equals(Ljava/lang/Object;)Z @ 36 c2
Event: 1817.393 Thread 0x0000016c54f7b240 DEOPT PACKING pc=0x0000016c464c8620 sp=0x0000004cf6afe340
Event: 1817.393 Thread 0x0000016c54f7b240 DEOPT UNPACKING pc=0x0000016c3e42209d sp=0x0000004cf6afe268 mode 2
Event: 1818.407 Thread 0x0000016c54f77d50 Uncommon trap: trap_request=0xffffffc6 fr.pc=0x0000016c46626c94 relative=0x00000000000005b4
Event: 1818.407 Thread 0x0000016c54f77d50 Uncommon trap: reason=bimorphic_or_optimized_type_check action=maybe_recompile pc=0x0000016c46626c94 method=java.util.HashMap.removeNode(ILjava/lang/Object;Ljava/lang/Object;ZZ)Ljava/util/HashMap$Node; @ 143 c2
Event: 1818.407 Thread 0x0000016c54f77d50 DEOPT PACKING pc=0x0000016c46626c94 sp=0x0000004cf6afe6a0
Event: 1818.407 Thread 0x0000016c54f77d50 DEOPT UNPACKING pc=0x0000016c3e42209d sp=0x0000004cf6afe588 mode 2

Classes unloaded (20 events):
Event: 1339.321 Thread 0x0000016c4f509b10 Unloading class 0x00000001002ad000 'java/lang/invoke/LambdaForm$MH+0x00000001002ad000'
Event: 1339.321 Thread 0x0000016c4f509b10 Unloading class 0x00000001002acc00 'java/lang/invoke/LambdaForm$MH+0x00000001002acc00'
Event: 1339.321 Thread 0x0000016c4f509b10 Unloading class 0x00000001002ac800 'java/lang/invoke/LambdaForm$MH+0x00000001002ac800'
Event: 1339.321 Thread 0x0000016c4f509b10 Unloading class 0x00000001002ac400 'java/lang/invoke/LambdaForm$MH+0x00000001002ac400'
Event: 1339.321 Thread 0x0000016c4f509b10 Unloading class 0x00000001002ac000 'jdk/internal/reflect/GeneratedConstructorAccessor3'
Event: 1339.321 Thread 0x0000016c4f509b10 Unloading class 0x0000000100182800 'java/lang/invoke/LambdaForm$MH+0x0000000100182800'
Event: 1339.321 Thread 0x0000016c4f509b10 Unloading class 0x0000000100182000 'java/lang/invoke/LambdaForm$MH+0x0000000100182000'
Event: 1339.321 Thread 0x0000016c4f509b10 Unloading class 0x0000000100181c00 'java/lang/invoke/LambdaForm$MH+0x0000000100181c00'
Event: 1339.321 Thread 0x0000016c4f509b10 Unloading class 0x0000000100181800 'java/lang/invoke/LambdaForm$MH+0x0000000100181800'
Event: 1339.321 Thread 0x0000016c4f509b10 Unloading class 0x0000000100181000 'java/lang/invoke/LambdaForm$MH+0x0000000100181000'
Event: 1339.322 Thread 0x0000016c4f509b10 Unloading class 0x0000000100180c00 'java/lang/invoke/LambdaForm$MH+0x0000000100180c00'
Event: 1339.322 Thread 0x0000016c4f509b10 Unloading class 0x0000000100180800 'java/lang/invoke/LambdaForm$MH+0x0000000100180800'
Event: 1339.322 Thread 0x0000016c4f509b10 Unloading class 0x0000000100180000 'java/lang/invoke/LambdaForm$MH+0x0000000100180000'
Event: 1339.322 Thread 0x0000016c4f509b10 Unloading class 0x0000000100129000 'jdk/internal/reflect/GeneratedMethodAccessor5'
Event: 1339.322 Thread 0x0000016c4f509b10 Unloading class 0x0000000100128c00 'jdk/internal/reflect/GeneratedMethodAccessor4'
Event: 1339.322 Thread 0x0000016c4f509b10 Unloading class 0x0000000100128800 'jdk/internal/reflect/GeneratedMethodAccessor3'
Event: 1339.322 Thread 0x0000016c4f509b10 Unloading class 0x0000000100128400 'jdk/internal/reflect/GeneratedMethodAccessor2'
Event: 1339.322 Thread 0x0000016c4f509b10 Unloading class 0x0000000100128000 'jdk/internal/reflect/GeneratedMethodAccessor1'
Event: 1339.322 Thread 0x0000016c4f509b10 Unloading class 0x000000010011a400 'java/lang/invoke/LambdaForm$DMH+0x000000010011a400'
Event: 1339.322 Thread 0x0000016c4f509b10 Unloading class 0x0000000100119c00 'java/lang/invoke/LambdaForm$DMH+0x0000000100119c00'

Classes redefined (0 events):
No events

Internal exceptions (20 events):
Event: 1797.365 Thread 0x0000016c54f76540 Exception <a 'java/lang/ArrayIndexOutOfBoundsException'{0x00000000eac172d0}> (0x00000000eac172d0) 
thrown [e:\jenkins\tmp\workspace\build\src\src\hotspot\share\runtime\sharedRuntime.cpp, line 628]
Event: 1797.584 Thread 0x0000016c50dc3770 Exception <a 'sun/nio/fs/WindowsException'{0x00000000eab95068}> (0x00000000eab95068) 
thrown [e:\jenkins\tmp\workspace\build\src\src\hotspot\share\prims\jni.cpp, line 516]
Event: 1798.508 Thread 0x0000016c50dc3770 Exception <a 'sun/nio/fs/WindowsException'{0x00000000eacd91a8}> (0x00000000eacd91a8) 
thrown [e:\jenkins\tmp\workspace\build\src\src\hotspot\share\prims\jni.cpp, line 516]
Event: 1799.323 Thread 0x0000016c54f75200 Exception <a 'java/lang/ArrayIndexOutOfBoundsException'{0x00000000eab77b60}> (0x00000000eab77b60) 
thrown [e:\jenkins\tmp\workspace\build\src\src\hotspot\share\runtime\sharedRuntime.cpp, line 628]
Event: 1800.079 Thread 0x0000016c54f78220 Exception <a 'java/lang/ArrayIndexOutOfBoundsException'{0x00000000eaced1a8}> (0x00000000eaced1a8) 
thrown [e:\jenkins\tmp\workspace\build\src\src\hotspot\share\runtime\sharedRuntime.cpp, line 628]
Event: 1800.606 Thread 0x0000016c54f75200 Exception <a 'java/lang/ArrayIndexOutOfBoundsException'{0x00000000ead99870}> (0x00000000ead99870) 
thrown [e:\jenkins\tmp\workspace\build\src\src\hotspot\share\runtime\sharedRuntime.cpp, line 628]
Event: 1801.086 Thread 0x0000016c54f75ba0 Exception <a 'java/lang/ArrayIndexOutOfBoundsException'{0x00000000eab13a70}> (0x00000000eab13a70) 
thrown [e:\jenkins\tmp\workspace\build\src\src\hotspot\share\runtime\sharedRuntime.cpp, line 628]
Event: 1802.235 Thread 0x0000016c54f756d0 Exception <a 'java/lang/ArrayIndexOutOfBoundsException'{0x00000000ead2fd18}> (0x00000000ead2fd18) 
thrown [e:\jenkins\tmp\workspace\build\src\src\hotspot\share\runtime\sharedRuntime.cpp, line 628]
Event: 1802.514 Thread 0x0000016c54f77880 Exception <a 'java/lang/ArrayIndexOutOfBoundsException'{0x00000000eabacac0}> (0x00000000eabacac0) 
thrown [e:\jenkins\tmp\workspace\build\src\src\hotspot\share\runtime\sharedRuntime.cpp, line 628]
Event: 1803.151 Thread 0x0000016c54f77880 Exception <a 'java/lang/ArrayIndexOutOfBoundsException'{0x00000000ead33960}> (0x00000000ead33960) 
thrown [e:\jenkins\tmp\workspace\build\src\src\hotspot\share\runtime\sharedRuntime.cpp, line 628]
Event: 1808.711 Thread 0x0000016c54f76540 Exception <a 'java/lang/ArrayIndexOutOfBoundsException'{0x00000000eadfd5d8}> (0x00000000eadfd5d8) 
thrown [e:\jenkins\tmp\workspace\build\src\src\hotspot\share\runtime\sharedRuntime.cpp, line 628]
Event: 1808.711 Thread 0x0000016c54f76540 Exception <a 'java/lang/ArrayIndexOutOfBoundsException'{0x00000000eadfd9d8}> (0x00000000eadfd9d8) 
thrown [e:\jenkins\tmp\workspace\build\src\src\hotspot\share\runtime\sharedRuntime.cpp, line 628]
Event: 1808.711 Thread 0x0000016c54f76540 Exception <a 'java/lang/ArrayIndexOutOfBoundsException'{0x00000000eadfdd90}> (0x00000000eadfdd90) 
thrown [e:\jenkins\tmp\workspace\build\src\src\hotspot\share\runtime\sharedRuntime.cpp, line 628]
Event: 1811.121 Thread 0x0000016c50dc3770 Exception <a 'sun/nio/fs/WindowsException'{0x00000000eab37418}> (0x00000000eab37418) 
thrown [e:\jenkins\tmp\workspace\build\src\src\hotspot\share\prims\jni.cpp, line 516]
Event: 1811.561 Thread 0x0000016c50dc3770 Exception <a 'sun/nio/fs/WindowsException'{0x00000000eaca8358}> (0x00000000eaca8358) 
thrown [e:\jenkins\tmp\workspace\build\src\src\hotspot\share\prims\jni.cpp, line 516]
Event: 1812.783 Thread 0x0000016c54f79560 Exception <a 'java/lang/ArrayIndexOutOfBoundsException'{0x00000000eafb8f28}> (0x00000000eafb8f28) 
thrown [e:\jenkins\tmp\workspace\build\src\src\hotspot\share\runtime\sharedRuntime.cpp, line 628]
Event: 1812.892 Thread 0x0000016c54f79560 Exception <a 'java/lang/ArrayIndexOutOfBoundsException'{0x00000000eaeede28}> (0x00000000eaeede28) 
thrown [e:\jenkins\tmp\workspace\build\src\src\hotspot\share\runtime\sharedRuntime.cpp, line 628]
Event: 1815.760 Thread 0x0000016c50dc3770 Exception <a 'sun/nio/fs/WindowsException'{0x00000000eafdc0b8}> (0x00000000eafdc0b8) 
thrown [e:\jenkins\tmp\workspace\build\src\src\hotspot\share\prims\jni.cpp, line 516]
Event: 1816.785 Thread 0x0000016c50dc4110 Implicit null exception at 0x0000016c4636f975 to 0x0000016c4636fbe9
Event: 1818.495 Thread 0x0000016c50dc3770 Exception <a 'sun/nio/fs/WindowsException'{0x00000000eacbaee0}> (0x00000000eacbaee0) 
thrown [e:\jenkins\tmp\workspace\build\src\src\hotspot\share\prims\jni.cpp, line 516]

VM Operations (20 events):
Event: 1816.564 Executing VM operation: ParallelGCFailedAllocation
Event: 1816.581 Executing VM operation: ParallelGCFailedAllocation done
Event: 1816.758 Executing VM operation: ParallelGCFailedAllocation
Event: 1816.768 Executing VM operation: ParallelGCFailedAllocation done
Event: 1816.816 Executing VM operation: ParallelGCFailedAllocation
Event: 1817.217 Executing VM operation: ParallelGCFailedAllocation done
Event: 1817.217 Executing VM operation: ParallelGCFailedAllocation
Event: 1817.276 Executing VM operation: ParallelGCFailedAllocation done
Event: 1817.292 Executing VM operation: ParallelGCFailedAllocation
Event: 1817.305 Executing VM operation: ParallelGCFailedAllocation done
Event: 1817.306 Executing VM operation: HandshakeAllThreads
Event: 1817.306 Executing VM operation: HandshakeAllThreads done
Event: 1817.367 Executing VM operation: ParallelGCFailedAllocation
Event: 1817.377 Executing VM operation: ParallelGCFailedAllocation done
Event: 1817.414 Executing VM operation: ParallelGCFailedAllocation
Event: 1817.421 Executing VM operation: ParallelGCFailedAllocation done
Event: 1817.579 Executing VM operation: ParallelGCFailedAllocation
Event: 1817.589 Executing VM operation: ParallelGCFailedAllocation done
Event: 1818.398 Executing VM operation: ParallelGCFailedAllocation
Event: 1818.403 Executing VM operation: ParallelGCFailedAllocation done

Events (20 events):
Event: 1817.183 Thread 0x0000016c54f76ee0 Thread added: 0x0000016c54f76ee0
Event: 1817.237 Thread 0x0000016c54f76070 Thread exited: 0x0000016c54f76070
Event: 1817.243 Thread 0x0000016c54f7a3d0 Thread exited: 0x0000016c54f7a3d0
Event: 1817.245 Thread 0x0000016c54f79560 Thread exited: 0x0000016c54f79560
Event: 1817.256 Thread 0x0000016c54f76ee0 Thread exited: 0x0000016c54f76ee0
Event: 1817.318 Thread 0x0000016c54f75200 Thread exited: 0x0000016c54f75200
Event: 1817.462 Thread 0x0000016c54f7b240 Thread exited: 0x0000016c54f7b240
Event: 1817.683 Thread 0x0000016c54f75200 Thread added: 0x0000016c54f75200
Event: 1817.931 Thread 0x0000016c54f75200 Thread exited: 0x0000016c54f75200
Event: 1818.085 Thread 0x0000016c54f75ba0 Thread added: 0x0000016c54f75ba0
Event: 1818.087 Thread 0x0000016c54f7b240 Thread added: 0x0000016c54f7b240
Event: 1818.093 Thread 0x0000016c54f79560 Thread added: 0x0000016c54f79560
Event: 1818.094 Thread 0x0000016c54f75200 Thread added: 0x0000016c54f75200
Event: 1818.182 Thread 0x0000016c54f75ba0 Thread exited: 0x0000016c54f75ba0
Event: 1818.183 Thread 0x0000016c54f7b240 Thread exited: 0x0000016c54f7b240
Event: 1818.190 Thread 0x0000016c54f79560 Thread exited: 0x0000016c54f79560
Event: 1818.195 Thread 0x0000016c54f75200 Thread exited: 0x0000016c54f75200
Event: 1818.302 Thread 0x0000016c54f77d50 Thread added: 0x0000016c54f77d50
Event: 1818.415 Thread 0x0000016c54f77d50 Thread exited: 0x0000016c54f77d50
Event: 1818.597 Thread 0x0000016c54f76070 Thread added: 0x0000016c54f76070


Dynamic libraries:
0x00007ff70f190000 - 0x00007ff70f19e000 	c:\Users\STUDENTE TURNO A\.vscode\extensions\redhat.java-1.5.0\jre\17.0.2-win32-x86_64\bin\java.exe
0x00007ffaa7800000 - 0x00007ffaa79f0000 	C:\windows\SYSTEM32\ntdll.dll
0x00007ffaa5cb0000 - 0x00007ffaa5d62000 	C:\windows\System32\KERNEL32.DLL
0x00007ffaa4820000 - 0x00007ffaa4ac5000 	C:\windows\System32\KERNELBASE.dll
0x00007ffaa4d40000 - 0x00007ffaa4e3a000 	C:\windows\System32\ucrtbase.dll
0x00007ffa9e1f0000 - 0x00007ffa9e208000 	c:\Users\STUDENTE TURNO A\.vscode\extensions\redhat.java-1.5.0\jre\17.0.2-win32-x86_64\bin\jli.dll
0x00007ffaa6cb0000 - 0x00007ffaa6e44000 	C:\windows\System32\USER32.dll
0x00007ffaa4d10000 - 0x00007ffaa4d31000 	C:\windows\System32\win32u.dll
0x00007ffaa6c80000 - 0x00007ffaa6ca6000 	C:\windows\System32\GDI32.dll
0x00007ffaa4ad0000 - 0x00007ffaa4c68000 	C:\windows\System32\gdi32full.dll
0x00007ffaa4c70000 - 0x00007ffaa4d0e000 	C:\windows\System32\msvcp_win.dll
0x00007ffa9e1d0000 - 0x00007ffa9e1e9000 	c:\Users\STUDENTE TURNO A\.vscode\extensions\redhat.java-1.5.0\jre\17.0.2-win32-x86_64\bin\VCRUNTIME140.dll
0x00007ffa8c590000 - 0x00007ffa8c814000 	C:\windows\WinSxS\amd64_microsoft.windows.common-controls_6595b64144ccf1df_6.0.18362.1556_none_9e7e372fe45e41d5\COMCTL32.dll
0x00007ffaa5a70000 - 0x00007ffaa5b0e000 	C:\windows\System32\msvcrt.dll
0x00007ffaa5f30000 - 0x00007ffaa6266000 	C:\windows\System32\combase.dll
0x00007ffaa6270000 - 0x00007ffaa638f000 	C:\windows\System32\RPCRT4.dll
0x00007ffaa4e40000 - 0x00007ffaa4ec1000 	C:\windows\System32\bcryptPrimitives.dll
0x00007ffaa73d0000 - 0x00007ffaa73fe000 	C:\windows\System32\IMM32.DLL
0x00007ffa9e1c0000 - 0x00007ffa9e1cc000 	c:\Users\STUDENTE TURNO A\.vscode\extensions\redhat.java-1.5.0\jre\17.0.2-win32-x86_64\bin\vcruntime140_1.dll
0x00007ffa7b3c0000 - 0x00007ffa7b451000 	c:\Users\STUDENTE TURNO A\.vscode\extensions\redhat.java-1.5.0\jre\17.0.2-win32-x86_64\bin\msvcp140.dll
0x00007ffa58580000 - 0x00007ffa591c7000 	c:\Users\STUDENTE TURNO A\.vscode\extensions\redhat.java-1.5.0\jre\17.0.2-win32-x86_64\bin\server\jvm.dll
0x00007ffaa5b10000 - 0x00007ffaa5bb3000 	C:\windows\System32\ADVAPI32.dll
0x00007ffaa7400000 - 0x00007ffaa7497000 	C:\windows\System32\sechost.dll
0x00007ffaa6390000 - 0x00007ffaa6398000 	C:\windows\System32\PSAPI.DLL
0x00007ffa9e1b0000 - 0x00007ffa9e1b9000 	C:\windows\SYSTEM32\WSOCK32.dll
0x00007ffaa7750000 - 0x00007ffaa77bf000 	C:\windows\System32\WS2_32.dll
0x00007ffaa2130000 - 0x00007ffaa2154000 	C:\windows\SYSTEM32\WINMM.dll
0x00007ffaa36a0000 - 0x00007ffaa36aa000 	C:\windows\SYSTEM32\VERSION.dll
0x00007ffaa1fb0000 - 0x00007ffaa1fdd000 	C:\windows\SYSTEM32\WINMMBASE.dll
0x00007ffaa50c0000 - 0x00007ffaa510a000 	C:\windows\System32\cfgmgr32.dll
0x00007ffaa4730000 - 0x00007ffaa4741000 	C:\windows\System32\kernel.appcore.dll
0x00007ffa9ddb0000 - 0x00007ffa9ddba000 	c:\Users\STUDENTE TURNO A\.vscode\extensions\redhat.java-1.5.0\jre\17.0.2-win32-x86_64\bin\jimage.dll
0x00007ffaa2df0000 - 0x00007ffaa2fe4000 	C:\windows\SYSTEM32\DBGHELP.DLL
0x00007ffa81900000 - 0x00007ffa8192a000 	C:\windows\SYSTEM32\dbgcore.DLL
0x00007ffa94fb0000 - 0x00007ffa94fd5000 	c:\Users\STUDENTE TURNO A\.vscode\extensions\redhat.java-1.5.0\jre\17.0.2-win32-x86_64\bin\java.dll
0x00007ffa8a340000 - 0x00007ffa8a358000 	c:\Users\STUDENTE TURNO A\.vscode\extensions\redhat.java-1.5.0\jre\17.0.2-win32-x86_64\bin\zip.dll
0x00007ffaa6590000 - 0x00007ffaa6c77000 	C:\windows\System32\SHELL32.dll
0x00007ffaa6470000 - 0x00007ffaa6518000 	C:\windows\System32\shcore.dll
0x00007ffaa5110000 - 0x00007ffaa588b000 	C:\windows\System32\windows.storage.dll
0x00007ffaa4750000 - 0x00007ffaa476e000 	C:\windows\System32\profapi.dll
0x00007ffaa46c0000 - 0x00007ffaa470a000 	C:\windows\System32\powrprof.dll
0x00007ffaa46b0000 - 0x00007ffaa46c0000 	C:\windows\System32\UMPDC.dll
0x00007ffaa76f0000 - 0x00007ffaa7742000 	C:\windows\System32\shlwapi.dll
0x00007ffaa5890000 - 0x00007ffaa58a7000 	C:\windows\System32\cryptsp.dll
0x00007ffa8a320000 - 0x00007ffa8a339000 	C:\Users\STUDENTE TURNO A\.vscode\extensions\redhat.java-1.5.0\jre\17.0.2-win32-x86_64\bin\net.dll
0x00007ffa8d480000 - 0x00007ffa8d57a000 	C:\windows\SYSTEM32\WINHTTP.dll
0x00007ffaa3e90000 - 0x00007ffaa3ef7000 	C:\windows\system32\mswsock.dll
0x00007ffa7b3a0000 - 0x00007ffa7b3b5000 	C:\Users\STUDENTE TURNO A\.vscode\extensions\redhat.java-1.5.0\jre\17.0.2-win32-x86_64\bin\nio.dll
0x00007ffaa3a10000 - 0x00007ffaa3a43000 	C:\windows\system32\rsaenh.dll
0x00007ffaa5090000 - 0x00007ffaa50b6000 	C:\windows\System32\bcrypt.dll
0x00007ffaa45a0000 - 0x00007ffaa45c5000 	C:\windows\SYSTEM32\USERENV.dll
0x00007ffaa4060000 - 0x00007ffaa406c000 	C:\windows\SYSTEM32\CRYPTBASE.dll
0x00007ffaa3ba0000 - 0x00007ffaa3bda000 	C:\windows\SYSTEM32\IPHLPAPI.DLL
0x00007ffaa5ca0000 - 0x00007ffaa5ca8000 	C:\windows\System32\NSI.dll
0x00007ffa94480000 - 0x00007ffa94496000 	C:\windows\SYSTEM32\dhcpcsvc6.DLL
0x00007ffa94a50000 - 0x00007ffa94a6c000 	C:\windows\SYSTEM32\dhcpcsvc.DLL
0x00007ffaa3be0000 - 0x00007ffaa3cab000 	C:\windows\SYSTEM32\DNSAPI.dll
0x00007ffa7b320000 - 0x00007ffa7b35e000 	C:\Users\STUDENTE TURNO A\AppData\Roaming\Code\User\globalStorage\redhat.java\1.5.0\config_win\org.eclipse.equinox.launcher\org.eclipse.equinox.launcher.win32.win32.x86_64_1.2.400.v20211117-0650\eclipse_11602.dll
0x00007ffaa7590000 - 0x00007ffaa76e7000 	C:\windows\System32\ole32.dll
0x00007ffa94fa0000 - 0x00007ffa94fb0000 	c:\Users\STUDENTE TURNO A\.vscode\extensions\redhat.java-1.5.0\jre\17.0.2-win32-x86_64\bin\verify.dll
0x00007ffa6a700000 - 0x00007ffa6a744000 	C:\Users\STUDENTE TURNO A\AppData\Local\Temp\jna-1950068349\jna5704049186162184551.dll
0x00007ffa8a310000 - 0x00007ffa8a31e000 	C:\Users\STUDENTE TURNO A\.vscode\extensions\redhat.java-1.5.0\jre\17.0.2-win32-x86_64\bin\sunmscapi.dll
0x00007ffaa4ed0000 - 0x00007ffaa5021000 	C:\windows\System32\CRYPT32.dll
0x00007ffaa4710000 - 0x00007ffaa4722000 	C:\windows\System32\MSASN1.dll
0x00007ffaa4170000 - 0x00007ffaa4196000 	C:\windows\SYSTEM32\ncrypt.dll
0x00007ffaa4130000 - 0x00007ffaa416b000 	C:\windows\SYSTEM32\NTASN1.dll
0x00007ffa8ab80000 - 0x00007ffa8ab8a000 	C:\Windows\System32\rasadhlp.dll
0x00007ffa931b0000 - 0x00007ffa93227000 	C:\windows\System32\fwpuclnt.dll

dbghelp: loaded successfully - version: 4.0.5 - missing functions: none
symbol engine: initialized successfully - sym options: 0x614 - pdb path: .;c:\Users\STUDENTE TURNO A\.vscode\extensions\redhat.java-1.5.0\jre\17.0.2-win32-x86_64\bin;C:\windows\SYSTEM32;C:\windows\WinSxS\amd64_microsoft.windows.common-controls_6595b64144ccf1df_6.0.18362.1556_none_9e7e372fe45e41d5;c:\Users\STUDENTE TURNO A\.vscode\extensions\redhat.java-1.5.0\jre\17.0.2-win32-x86_64\bin\server;C:\Users\STUDENTE TURNO A\AppData\Roaming\Code\User\globalStorage\redhat.java\1.5.0\config_win\org.eclipse.equinox.launcher\org.eclipse.equinox.launcher.win32.win32.x86_64_1.2.400.v20211117-0650;C:\Users\STUDENTE TURNO A\AppData\Local\Temp\jna-1950068349

VM Arguments:
jvm_args: --add-modules=ALL-SYSTEM --add-opens=java.base/java.util=ALL-UNNAMED --add-opens=java.base/java.lang=ALL-UNNAMED --add-opens=java.base/sun.nio.fs=ALL-UNNAMED -Declipse.application=org.eclipse.jdt.ls.core.id1 -Dosgi.bundles.defaultStartLevel=4 -Declipse.product=org.eclipse.jdt.ls.core.product -Djava.import.generatesMetadataFilesAtProjectRoot=false -Dfile.encoding=utf8 -DwatchParentProcess=false -XX:+UseParallelGC -XX:GCTimeRatio=4 -XX:AdaptiveSizePolicyWeight=90 -Dsun.zip.disableMemoryMapping=true -Xmx1G -Xms100m -XX:+HeapDumpOnOutOfMemoryError -XX:HeapDumpPath=c:\Users\STUDENTE TURNO A\AppData\Roaming\Code\User\workspaceStorage\3b45de8f5f42f5bb445899f8d6c62dfd\redhat.java 
java_command: c:\Users\STUDENTE TURNO A\.vscode\extensions\redhat.java-1.5.0\server\plugins\org.eclipse.equinox.launcher_1.6.400.v20210924-0641.jar -configuration c:\Users\STUDENTE TURNO A\AppData\Roaming\Code\User\globalStorage\redhat.java\1.5.0\config_win -data c:\Users\STUDENTE TURNO A\AppData\Roaming\Code\User\workspaceStorage\3b45de8f5f42f5bb445899f8d6c62dfd\redhat.java\jdt_ws
java_class_path (initial): c:\Users\STUDENTE TURNO A\.vscode\extensions\redhat.java-1.5.0\server\plugins\org.eclipse.equinox.launcher_1.6.400.v20210924-0641.jar
Launcher Type: SUN_STANDARD

[Global flags]
    uintx AdaptiveSizePolicyWeight                 = 90                                        {product} {command line}
     intx CICompilerCount                          = 2                                         {product} {ergonomic}
    uintx GCTimeRatio                              = 4                                         {product} {command line}
     bool HeapDumpOnOutOfMemoryError               = true                                   {manageable} {command line}
    ccstr HeapDumpPath                             = c:\Users\STUDENTE TURNO A\AppData\Roaming\Code\User\workspaceStorage\3b45de8f5f42f5bb445899f8d6c62dfd\redhat.java         {manageable} {command line}
   size_t InitialHeapSize                          = 104857600                                 {product} {command line}
   size_t MaxHeapSize                              = 1073741824                                {product} {command line}
   size_t MaxNewSize                               = 357564416                                 {product} {ergonomic}
   size_t MinHeapDeltaBytes                        = 524288                                    {product} {ergonomic}
   size_t MinHeapSize                              = 104857600                                 {product} {command line}
   size_t NewSize                                  = 34603008                                  {product} {ergonomic}
    uintx NonNMethodCodeHeapSize                   = 5826188                                {pd product} {ergonomic}
    uintx NonProfiledCodeHeapSize                  = 122916026                              {pd product} {ergonomic}
   size_t OldSize                                  = 70254592                                  {product} {ergonomic}
    uintx ProfiledCodeHeapSize                     = 122916026                              {pd product} {ergonomic}
    uintx ReservedCodeCacheSize                    = 251658240                              {pd product} {ergonomic}
     bool SegmentedCodeCache                       = true                                      {product} {ergonomic}
   size_t SoftMaxHeapSize                          = 1073741824                             {manageable} {ergonomic}
     bool UseCompressedClassPointers               = true                           {product lp64_product} {ergonomic}
     bool UseCompressedOops                        = true                           {product lp64_product} {ergonomic}
     bool UseLargePagesIndividualAllocation        = false                                  {pd product} {ergonomic}
     bool UseParallelGC                            = true                                      {product} {command line}

Logging:
Log output configuration:
 #0: stdout all=warning uptime,level,tags
 #1: stderr all=off uptime,level,tags

Environment Variables:
JAVA_HOME=C:\Users\STUDENTE TURNO A\AppData\Local\Programs\Eclipse Foundation\jdk-11.0.12.7-hotspot\
PATH=C:\ProgramData\Oracle\Java\javapath;C:\windows\system32;C:\windows;C:\windows\System32\Wbem;C:\windows\System32\WindowsPowerShell\v1.0\;C:\windows\System32\OpenSSH\;C:\Program Files\Intel\TXE Components\DAL\;C:\Program Files (x86)\Intel\TXE Components\DAL\;C:\Program Files\Java\jdk1.8.0_102\bin;C:\Users\STUDENTE TURNO A\AppData\Local\Programs\Eclipse Foundation\jdk-11.0.12.7-hotspot\bin;C:\Users\STUDENTE TURNO A\AppData\Local\Microsoft\WindowsApps;C:\Users\STUDENTE TURNO A\AppData\Local\Programs\Microsoft VS Code\bin;C:\Users\STUDENTE TURNO A\AppData\Local\Programs\Git\cmd
USERNAME=STUDENTE TURNO A
OS=Windows_NT
PROCESSOR_IDENTIFIER=Intel64 Family 6 Model 122 Stepping 1, GenuineIntel



---------------  S Y S T E M  ---------------

OS:
 Windows 10 , 64 bit Build 18362 (10.0.18362.1500)
OS uptime: 11 days 0:24 hours

CPU: total 2 (initial active 2) (2 cores per cpu, 1 threads per core) family 6 model 122 stepping 1 microcode 0x34, cx8, cmov, fxsr, mmx, 3dnowpref, sse, sse2, sse3, ssse3, sse4.1, sse4.2, popcnt, tsc, tscinvbit, aes, erms, clmul, sha, clflush, clflushopt

Memory: 4k page, system-wide physical 3915M (317M free)
TotalPageFile size 6312M (AvailPageFile size 3M)
current process WorkingSet (physical memory assigned to process): 513M, peak: 734M
current process commit charge ("private bytes"): 586M, peak: 679M

vm_info: OpenJDK 64-Bit Server VM (17.0.2+8) for windows-amd64 JRE (17.0.2+8), built on Jan 20 2022 04:52:34 by "" with MS VC++ 16.7 (VS2019)

END.
